{"C:\\Users\\KIIT\\Desktop\\assignment2\\db.js": {"path":"C:\\Users\\KIIT\\Desktop\\assignment2\\db.js","statementMap":{"0":{"start":{"line":1,"column":14},"end":{"line":1,"column":31}},"1":{"start":{"line":2,"column":0},"end":{"line":2,"column":27}},"2":{"start":{"line":4,"column":19},"end":{"line":9,"column":2}},"3":{"start":{"line":11,"column":0},"end":{"line":14,"column":3}},"4":{"start":{"line":12,"column":2},"end":{"line":12,"column":21}},"5":{"start":{"line":12,"column":11},"end":{"line":12,"column":21}},"6":{"start":{"line":13,"column":2},"end":{"line":13,"column":46}},"7":{"start":{"line":16,"column":0},"end":{"line":16,"column":28}}},"fnMap":{"0":{"name":"(anonymous_0)","decl":{"start":{"line":11,"column":19},"end":{"line":11,"column":20}},"loc":{"start":{"line":11,"column":28},"end":{"line":14,"column":1}},"line":11}},"branchMap":{"0":{"loc":{"start":{"line":12,"column":2},"end":{"line":12,"column":21}},"type":"if","locations":[{"start":{"line":12,"column":2},"end":{"line":12,"column":21}},{"start":{},"end":{}}],"line":12}},"s":{"0":3,"1":3,"2":3,"3":3,"4":3,"5":0,"6":3,"7":3},"f":{"0":3},"b":{"0":[0,3]},"_coverageSchema":"1a1c01bbd47fc00a2c39e90264f33305004495a9","hash":"3090d3d280c4d03f3dd47f9453910a6dfe1781d7"}
,"C:\\Users\\KIIT\\Desktop\\assignment2\\index.js": {"path":"C:\\Users\\KIIT\\Desktop\\assignment2\\index.js","statementMap":{"0":{"start":{"line":1,"column":16},"end":{"line":1,"column":34}},"1":{"start":{"line":2,"column":12},"end":{"line":2,"column":21}},"2":{"start":{"line":3,"column":11},"end":{"line":3,"column":26}},"3":{"start":{"line":5,"column":0},"end":{"line":5,"column":24}},"4":{"start":{"line":6,"column":0},"end":{"line":6,"column":34}},"5":{"start":{"line":9,"column":0},"end":{"line":14,"column":3}},"6":{"start":{"line":10,"column":2},"end":{"line":13,"column":5}},"7":{"start":{"line":11,"column":4},"end":{"line":11,"column":65}},"8":{"start":{"line":11,"column":13},"end":{"line":11,"column":65}},"9":{"start":{"line":12,"column":4},"end":{"line":12,"column":22}},"10":{"start":{"line":17,"column":0},"end":{"line":24,"column":3}},"11":{"start":{"line":18,"column":17},"end":{"line":18,"column":27}},"12":{"start":{"line":19,"column":2},"end":{"line":23,"column":5}},"13":{"start":{"line":20,"column":4},"end":{"line":20,"column":65}},"14":{"start":{"line":20,"column":13},"end":{"line":20,"column":65}},"15":{"start":{"line":21,"column":4},"end":{"line":21,"column":89}},"16":{"start":{"line":21,"column":30},"end":{"line":21,"column":89}},"17":{"start":{"line":22,"column":4},"end":{"line":22,"column":25}},"18":{"start":{"line":27,"column":0},"end":{"line":37,"column":3}},"19":{"start":{"line":28,"column":51},"end":{"line":28,"column":59}},"20":{"start":{"line":29,"column":2},"end":{"line":36,"column":4}},"21":{"start":{"line":33,"column":6},"end":{"line":33,"column":67}},"22":{"start":{"line":33,"column":15},"end":{"line":33,"column":67}},"23":{"start":{"line":34,"column":6},"end":{"line":34,"column":90}},"24":{"start":{"line":40,"column":0},"end":{"line":51,"column":3}},"25":{"start":{"line":41,"column":17},"end":{"line":41,"column":27}},"26":{"start":{"line":42,"column":51},"end":{"line":42,"column":59}},"27":{"start":{"line":43,"column":2},"end":{"line":50,"column":4}},"28":{"start":{"line":47,"column":6},"end":{"line":47,"column":67}},"29":{"start":{"line":47,"column":15},"end":{"line":47,"column":67}},"30":{"start":{"line":48,"column":6},"end":{"line":48,"column":57}},"31":{"start":{"line":54,"column":0},"end":{"line":60,"column":3}},"32":{"start":{"line":55,"column":17},"end":{"line":55,"column":27}},"33":{"start":{"line":56,"column":2},"end":{"line":59,"column":5}},"34":{"start":{"line":57,"column":4},"end":{"line":57,"column":65}},"35":{"start":{"line":57,"column":13},"end":{"line":57,"column":65}},"36":{"start":{"line":58,"column":4},"end":{"line":58,"column":55}},"37":{"start":{"line":63,"column":0},"end":{"line":63,"column":21}}},"fnMap":{"0":{"name":"(anonymous_0)","decl":{"start":{"line":9,"column":22},"end":{"line":9,"column":23}},"loc":{"start":{"line":9,"column":36},"end":{"line":14,"column":1}},"line":9},"1":{"name":"(anonymous_1)","decl":{"start":{"line":10,"column":34},"end":{"line":10,"column":35}},"loc":{"start":{"line":10,"column":52},"end":{"line":13,"column":3}},"line":10},"2":{"name":"(anonymous_2)","decl":{"start":{"line":17,"column":26},"end":{"line":17,"column":27}},"loc":{"start":{"line":17,"column":40},"end":{"line":24,"column":1}},"line":17},"3":{"name":"(anonymous_3)","decl":{"start":{"line":19,"column":53},"end":{"line":19,"column":54}},"loc":{"start":{"line":19,"column":71},"end":{"line":23,"column":3}},"line":19},"4":{"name":"(anonymous_4)","decl":{"start":{"line":27,"column":23},"end":{"line":27,"column":24}},"loc":{"start":{"line":27,"column":37},"end":{"line":37,"column":1}},"line":27},"5":{"name":"(anonymous_5)","decl":{"start":{"line":32,"column":4},"end":{"line":32,"column":5}},"loc":{"start":{"line":32,"column":21},"end":{"line":35,"column":5}},"line":32},"6":{"name":"(anonymous_6)","decl":{"start":{"line":40,"column":28},"end":{"line":40,"column":29}},"loc":{"start":{"line":40,"column":42},"end":{"line":51,"column":1}},"line":40},"7":{"name":"(anonymous_7)","decl":{"start":{"line":46,"column":4},"end":{"line":46,"column":5}},"loc":{"start":{"line":46,"column":21},"end":{"line":49,"column":5}},"line":46},"8":{"name":"(anonymous_8)","decl":{"start":{"line":54,"column":29},"end":{"line":54,"column":30}},"loc":{"start":{"line":54,"column":43},"end":{"line":60,"column":1}},"line":54},"9":{"name":"(anonymous_9)","decl":{"start":{"line":56,"column":51},"end":{"line":56,"column":52}},"loc":{"start":{"line":56,"column":60},"end":{"line":59,"column":3}},"line":56}},"branchMap":{"0":{"loc":{"start":{"line":11,"column":4},"end":{"line":11,"column":65}},"type":"if","locations":[{"start":{"line":11,"column":4},"end":{"line":11,"column":65}},{"start":{},"end":{}}],"line":11},"1":{"loc":{"start":{"line":20,"column":4},"end":{"line":20,"column":65}},"type":"if","locations":[{"start":{"line":20,"column":4},"end":{"line":20,"column":65}},{"start":{},"end":{}}],"line":20},"2":{"loc":{"start":{"line":21,"column":4},"end":{"line":21,"column":89}},"type":"if","locations":[{"start":{"line":21,"column":4},"end":{"line":21,"column":89}},{"start":{},"end":{}}],"line":21},"3":{"loc":{"start":{"line":33,"column":6},"end":{"line":33,"column":67}},"type":"if","locations":[{"start":{"line":33,"column":6},"end":{"line":33,"column":67}},{"start":{},"end":{}}],"line":33},"4":{"loc":{"start":{"line":47,"column":6},"end":{"line":47,"column":67}},"type":"if","locations":[{"start":{"line":47,"column":6},"end":{"line":47,"column":67}},{"start":{},"end":{}}],"line":47},"5":{"loc":{"start":{"line":57,"column":4},"end":{"line":57,"column":65}},"type":"if","locations":[{"start":{"line":57,"column":4},"end":{"line":57,"column":65}},{"start":{},"end":{}}],"line":57}},"s":{"0":1,"1":1,"2":1,"3":1,"4":1,"5":1,"6":1,"7":1,"8":0,"9":1,"10":1,"11":2,"12":2,"13":2,"14":0,"15":2,"16":1,"17":1,"18":1,"19":1,"20":1,"21":1,"22":0,"23":1,"24":1,"25":1,"26":1,"27":1,"28":1,"29":0,"30":1,"31":1,"32":1,"33":1,"34":1,"35":0,"36":1,"37":1},"f":{"0":1,"1":1,"2":2,"3":2,"4":1,"5":1,"6":1,"7":1,"8":1,"9":1},"b":{"0":[0,1],"1":[0,2],"2":[1,1],"3":[0,1],"4":[0,1],"5":[0,1]},"_coverageSchema":"1a1c01bbd47fc00a2c39e90264f33305004495a9","hash":"524f505df5824d844c90bc8448def37d4beae77d"}
}
