TN:
SF:db.js
FN:11,(anonymous_0)
FNF:1
FNH:1
FNDA:3,(anonymous_0)
DA:1,3
DA:2,3
DA:4,3
DA:11,3
DA:12,3
DA:13,3
DA:16,3
LF:7
LH:7
BRDA:12,0,0,0
BRDA:12,0,1,3
BRF:2
BRH:1
end_of_record
TN:
SF:index.js
FN:9,(anonymous_0)
FN:10,(anonymous_1)
FN:17,(anonymous_2)
FN:19,(anonymous_3)
FN:27,(anonymous_4)
FN:32,(anonymous_5)
FN:40,(anonymous_6)
FN:46,(anonymous_7)
FN:54,(anonymous_8)
FN:56,(anonymous_9)
FNF:10
FNH:10
FNDA:1,(anonymous_0)
FNDA:1,(anonymous_1)
FNDA:2,(anonymous_2)
FNDA:2,(anonymous_3)
FNDA:1,(anonymous_4)
FNDA:1,(anonymous_5)
FNDA:1,(anonymous_6)
FNDA:1,(anonymous_7)
FNDA:1,(anonymous_8)
FNDA:1,(anonymous_9)
DA:1,1
DA:2,1
DA:3,1
DA:5,1
DA:6,1
DA:9,1
DA:10,1
DA:11,1
DA:12,1
DA:17,1
DA:18,2
DA:19,2
DA:20,2
DA:21,2
DA:22,1
DA:27,1
DA:28,1
DA:29,1
DA:33,1
DA:34,1
DA:40,1
DA:41,1
DA:42,1
DA:43,1
DA:47,1
DA:48,1
DA:54,1
DA:55,1
DA:56,1
DA:57,1
DA:58,1
DA:63,1
LF:32
LH:32
BRDA:11,0,0,0
BRDA:11,0,1,1
BRDA:20,1,0,0
BRDA:20,1,1,2
BRDA:21,2,0,1
BRDA:21,2,1,1
BRDA:33,3,0,0
BRDA:33,3,1,1
BRDA:47,4,0,0
BRDA:47,4,1,1
BRDA:57,5,0,0
BRDA:57,5,1,1
BRF:12
BRH:7
end_of_record
